\BOOKMARK [0][-]{chapter*.1}{Preface}{}% 1
\BOOKMARK [0][-]{chapter*.2}{Acknowledgements}{}% 2
\BOOKMARK [0][-]{chapter.1}{A\040First\040Look\040at\040Differential\040Equations}{}% 3
\BOOKMARK [1][-]{section.1.1}{Modeling\040with\040Differential\040Equations}{chapter.1}% 4
\BOOKMARK [1][-]{section.1.2}{Separable\040Differential\040Equations}{chapter.1}% 5
\BOOKMARK [1][-]{section.1.3}{Geometric\040and\040Quantitative\040Analysis}{chapter.1}% 6
\BOOKMARK [1][-]{section.1.4}{Analyzing\040Equations\040Numerically}{chapter.1}% 7
\BOOKMARK [1][-]{section.1.5}{First-Order\040Linear\040Equations}{chapter.1}% 8
\BOOKMARK [1][-]{section.1.6}{Existence\040and\040Uniqueness\040of\040Solutions}{chapter.1}% 9
\BOOKMARK [1][-]{section.1.7}{Bifurcations}{chapter.1}% 10
\BOOKMARK [1][-]{section.1.8}{Projects\040for\040First-Order\040Differential\040Equations}{chapter.1}% 11
\BOOKMARK [0][-]{chapter.2}{Systems\040of\040Differential\040Equations}{}% 12
\BOOKMARK [1][-]{section.2.1}{Modeling\040with\040Systems}{chapter.2}% 13
\BOOKMARK [1][-]{section.2.2}{The\040Geometry\040of\040Systems}{chapter.2}% 14
\BOOKMARK [1][-]{section.2.3}{Numerical\040Techniques\040for\040Systems}{chapter.2}% 15
\BOOKMARK [1][-]{section.2.4}{Solving\040Systems\040Analytically}{chapter.2}% 16
\BOOKMARK [1][-]{section.2.5}{Projects\040for\040Systems\040of\040Differential\040Equations}{chapter.2}% 17
\BOOKMARK [0][-]{chapter.3}{Linear\040Systems}{}% 18
\BOOKMARK [1][-]{section.3.1}{Linear\040Algebra\040in\040a\040Nutshell}{chapter.3}% 19
\BOOKMARK [1][-]{section.3.2}{Planar\040Systems}{chapter.3}% 20
\BOOKMARK [1][-]{section.3.3}{Phase\040Plane\040Analysis\040of\040Linear\040Systems}{chapter.3}% 21
\BOOKMARK [1][-]{section.3.4}{Complex\040Eigenvalues}{chapter.3}% 22
\BOOKMARK [1][-]{section.3.5}{Repeated\040Eigenvalues}{chapter.3}% 23
\BOOKMARK [1][-]{section.3.6}{Changing\040Coordinates}{chapter.3}% 24
\BOOKMARK [1][-]{section.3.7}{The\040Trace-Determinant\040Plane}{chapter.3}% 25
\BOOKMARK [1][-]{section.3.8}{Linear\040Systems\040in\040Higher\040Dimensions}{chapter.3}% 26
\BOOKMARK [1][-]{section.3.9}{The\040Matrix\040Exponential}{chapter.3}% 27
\BOOKMARK [1][-]{section.3.10}{Projects\040Systems\040of\040Linear\040Differential\040Equations}{chapter.3}% 28
\BOOKMARK [0][-]{chapter.4}{Second-Order\040Linear\040Equations}{}% 29
\BOOKMARK [1][-]{section.4.1}{Homogeneous\040Linear\040Equations}{chapter.4}% 30
\BOOKMARK [1][-]{section.4.2}{Forcing}{chapter.4}% 31
\BOOKMARK [1][-]{section.4.3}{Sinusoidal\040Forcing}{chapter.4}% 32
\BOOKMARK [1][-]{section.4.4}{Forcing\040and\040Resonance}{chapter.4}% 33
\BOOKMARK [1][-]{section.4.5}{Projects\040for\040Second-Order\040Differential\040Equations}{chapter.4}% 34
\BOOKMARK [0][-]{chapter.5}{Nonlinear\040Systems}{}% 35
\BOOKMARK [1][-]{section.5.1}{Linearization}{chapter.5}% 36
\BOOKMARK [1][-]{section.5.2}{Hamiltonian\040Systems}{chapter.5}% 37
\BOOKMARK [1][-]{section.5.3}{More\040Nonlinear\040Mechanics}{chapter.5}% 38
\BOOKMARK [1][-]{section.5.4}{The\040Hopf\040Bifurcation}{chapter.5}% 39
\BOOKMARK [1][-]{section.5.5}{Projects}{chapter.5}% 40
\BOOKMARK [0][-]{chapter.6}{The\040Laplace\040Transform}{}% 41
\BOOKMARK [1][-]{section.6.1}{The\040Laplace\040Transform}{chapter.6}% 42
\BOOKMARK [1][-]{section.6.2}{Solving\040Initial\040Value\040Problems}{chapter.6}% 43
\BOOKMARK [1][-]{section.6.3}{Delta\040Functions\040and\040Forcing}{chapter.6}% 44
\BOOKMARK [1][-]{section.6.4}{Convolution}{chapter.6}% 45
\BOOKMARK [1][-]{section.6.5}{Projects\040for\040Laplace\040Transforms}{chapter.6}% 46
\BOOKMARK [-1][-]{section*.392}{Appendices}{}% 47
\BOOKMARK [0][-]{appendix.A}{GNU\040Free\040Documentation\040License}{section*.392}% 48
\BOOKMARK [0][-]{appendix.B}{Hints\040and\040Answers\040to\040Selected\040Exercises}{section*.392}% 49
\BOOKMARK [0][-]{appendix.C}{Notation}{section*.392}% 50
\BOOKMARK [-1][-]{section*.398}{Back\040Matter}{}% 51
\BOOKMARK [0][-]{appendix*.399}{Readings\040and\040References}{section*.398}% 52
\BOOKMARK [0][-]{section*.400}{Index}{section*.398}% 53
